<?xml version="1.0" encoding="UTF-8"?>
<testng-results ignored="0" total="11" passed="10" failed="1" skipped="0">
  <reporter-output>
    <line>
      <![CDATA[====connected to database====]]>
    </line>
    <line>
      <![CDATA[boss i am testcase1 ]]>
    </line>
    <line>
      <![CDATA[boss i am testcase2]]>
    </line>
    <line>
      <![CDATA[boss i am testcase]]>
    </line>
    <line>
      <![CDATA[i am supradeepa]]>
    </line>
    <line>
      <![CDATA[i am supradeepa]]>
    </line>
    <line>
      <![CDATA[ i am test case 4]]>
    </line>
    <line>
      <![CDATA[  i am testcase7]]>
    </line>
    <line>
      <![CDATA[====open the browser====]]>
    </line>
    <line>
      <![CDATA[====log in to application====]]>
    </line>
    <line>
      <![CDATA[=====boss i am main testcase====]]>
    </line>
    <line>
      <![CDATA[====log in t application====]]>
    </line>
    <line>
      <![CDATA[====open the browser====]]>
    </line>
    <line>
      <![CDATA[ i am test case1]]>
    </line>
    <line>
      <![CDATA[ i am test case2]]>
    </line>
    <line>
      <![CDATA[i am test case3]]>
    </line>
    <line>
      <![CDATA[====connected to database====]]>
    </line>
  </reporter-output>
  <suite started-at="2023-09-08T10:40:46 IST" name="Suite" finished-at="2023-09-08T10:40:46 IST" duration-ms="110">
    <groups>
    </groups>
    <test started-at="2023-09-08T10:40:46 IST" name="Test" finished-at="2023-09-08T10:40:46 IST" duration-ms="110">
      <class name="batchexecution.example1">
        <test-method signature="s1()[pri:0, instance:batchexecution.example1@712625fd]" started-at="2023-09-08T10:40:46 IST" name="s1" finished-at="2023-09-08T10:40:46 IST" duration-ms="5" status="FAIL">
          <exception class="java.lang.AssertionError">
            <message>
              <![CDATA[null]]>
            </message>
            <full-stacktrace>
              <![CDATA[java.lang.AssertionError: null
at org.testng.Assert.fail(Assert.java:111)
at org.testng.Assert.fail(Assert.java:116)
at batchexecution.example1.s1(example1.java:12)
at java.base/jdk.internal.reflect.NativeMethodAccessorImpl.invoke0(Native Method)
at java.base/jdk.internal.reflect.NativeMethodAccessorImpl.invoke(NativeMethodAccessorImpl.java:77)
at java.base/jdk.internal.reflect.DelegatingMethodAccessorImpl.invoke(DelegatingMethodAccessorImpl.java:43)
at java.base/java.lang.reflect.Method.invoke(Method.java:568)
at org.testng.internal.invokers.MethodInvocationHelper.invokeMethod(MethodInvocationHelper.java:139)
at org.testng.internal.invokers.TestInvoker.invokeMethod(TestInvoker.java:664)
at org.testng.internal.invokers.TestInvoker.invokeTestMethod(TestInvoker.java:227)
at org.testng.internal.invokers.MethodRunner.runInSequence(MethodRunner.java:50)
at org.testng.internal.invokers.TestInvoker$MethodInvocationAgent.invoke(TestInvoker.java:957)
at org.testng.internal.invokers.TestInvoker.invokeTestMethods(TestInvoker.java:200)
at org.testng.internal.invokers.TestMethodWorker.invokeTestMethods(TestMethodWorker.java:148)
at org.testng.internal.invokers.TestMethodWorker.run(TestMethodWorker.java:128)
at java.base/java.util.ArrayList.forEach(ArrayList.java:1511)
at org.testng.TestRunner.privateRun(TestRunner.java:848)
at org.testng.TestRunner.run(TestRunner.java:621)
at org.testng.SuiteRunner.runTest(SuiteRunner.java:443)
at org.testng.SuiteRunner.runSequentially(SuiteRunner.java:437)
at org.testng.SuiteRunner.privateRun(SuiteRunner.java:397)
at org.testng.SuiteRunner.run(SuiteRunner.java:336)
at org.testng.SuiteRunnerWorker.runSuite(SuiteRunnerWorker.java:52)
at org.testng.SuiteRunnerWorker.run(SuiteRunnerWorker.java:95)
at org.testng.TestNG.runSuitesSequentially(TestNG.java:1280)
at org.testng.TestNG.runSuitesLocally(TestNG.java:1200)
at org.testng.TestNG.runSuites(TestNG.java:1114)
at org.testng.TestNG.run(TestNG.java:1082)
at org.testng.remote.AbstractRemoteTestNG.run(AbstractRemoteTestNG.java:115)
at org.testng.remote.RemoteTestNG.initAndRun(RemoteTestNG.java:251)
at org.testng.remote.RemoteTestNG.main(RemoteTestNG.java:77)
]]>
            </full-stacktrace>
          </exception> <!-- java.lang.AssertionError -->
          <reporter-output>
            <line>
              <![CDATA[ i am test case1]]>
            </line>
          </reporter-output>
        </test-method> <!-- s1 -->
        <test-method signature="s2()[pri:0, instance:batchexecution.example1@712625fd]" started-at="2023-09-08T10:40:46 IST" name="s2" finished-at="2023-09-08T10:40:46 IST" duration-ms="2" status="PASS">
          <reporter-output>
            <line>
              <![CDATA[ i am test case2]]>
            </line>
          </reporter-output>
        </test-method> <!-- s2 -->
        <test-method signature="s3()[pri:0, instance:batchexecution.example1@712625fd]" started-at="2023-09-08T10:40:46 IST" name="s3" finished-at="2023-09-08T10:40:46 IST" duration-ms="1" status="PASS">
          <reporter-output>
            <line>
              <![CDATA[i am test case3]]>
            </line>
          </reporter-output>
        </test-method> <!-- s3 -->
      </class> <!-- batchexecution.example1 -->
      <class name="demo.Twoprint">
        <test-method signature="s1()[pri:0, instance:demo.Twoprint@76a4ebf2]" started-at="2023-09-08T10:40:46 IST" name="s1" finished-at="2023-09-08T10:40:46 IST" duration-ms="3" status="PASS">
          <reporter-output>
            <line>
              <![CDATA[i am supradeepa]]>
            </line>
            <line>
              <![CDATA[i am supradeepa]]>
            </line>
          </reporter-output>
        </test-method> <!-- s1 -->
      </class> <!-- demo.Twoprint -->
      <class name="demo.Testng">
        <test-method signature="machine()[pri:0, instance:demo.Testng@6e6f2380]" started-at="2023-09-08T10:40:46 IST" name="machine" finished-at="2023-09-08T10:40:46 IST" duration-ms="1" status="PASS">
          <reporter-output>
          </reporter-output>
        </test-method> <!-- machine -->
      </class> <!-- demo.Testng -->
      <class name="demo.annotations">
        <test-method is-config="true" signature="a1()[pri:0, instance:demo.annotations@33065d67]" started-at="2023-09-08T10:40:46 IST" name="a1" finished-at="2023-09-08T10:40:46 IST" duration-ms="14" status="PASS">
          <reporter-output>
            <line>
              <![CDATA[====connected to database====]]>
            </line>
          </reporter-output>
        </test-method> <!-- a1 -->
        <test-method is-config="true" signature="a2()[pri:0, instance:demo.annotations@33065d67]" started-at="2023-09-08T10:40:46 IST" name="a2" finished-at="2023-09-08T10:40:46 IST" duration-ms="0" status="PASS">
          <reporter-output>
            <line>
              <![CDATA[====open the browser====]]>
            </line>
          </reporter-output>
        </test-method> <!-- a2 -->
        <test-method is-config="true" signature="a3()[pri:0, instance:demo.annotations@33065d67]" started-at="2023-09-08T10:40:46 IST" name="a3" finished-at="2023-09-08T10:40:46 IST" duration-ms="1" status="PASS">
          <reporter-output>
            <line>
              <![CDATA[====log in to application====]]>
            </line>
          </reporter-output>
        </test-method> <!-- a3 -->
        <test-method signature="a4()[pri:0, instance:demo.annotations@33065d67]" started-at="2023-09-08T10:40:46 IST" name="a4" finished-at="2023-09-08T10:40:46 IST" duration-ms="3" status="PASS">
          <reporter-output>
            <line>
              <![CDATA[=====boss i am main testcase====]]>
            </line>
          </reporter-output>
        </test-method> <!-- a4 -->
        <test-method is-config="true" signature="a5()[pri:0, instance:demo.annotations@33065d67]" started-at="2023-09-08T10:40:46 IST" name="a5" finished-at="2023-09-08T10:40:46 IST" duration-ms="1" status="PASS">
          <reporter-output>
            <line>
              <![CDATA[====log in t application====]]>
            </line>
          </reporter-output>
        </test-method> <!-- a5 -->
        <test-method is-config="true" signature="a6()[pri:0, instance:demo.annotations@33065d67]" started-at="2023-09-08T10:40:46 IST" name="a6" finished-at="2023-09-08T10:40:46 IST" duration-ms="1" status="PASS">
          <reporter-output>
            <line>
              <![CDATA[====open the browser====]]>
            </line>
          </reporter-output>
        </test-method> <!-- a6 -->
        <test-method is-config="true" signature="a7()[pri:0, instance:demo.annotations@33065d67]" started-at="2023-09-08T10:40:46 IST" name="a7" finished-at="2023-09-08T10:40:46 IST" duration-ms="1" status="PASS">
          <reporter-output>
            <line>
              <![CDATA[====connected to database====]]>
            </line>
          </reporter-output>
        </test-method> <!-- a7 -->
      </class> <!-- demo.annotations -->
      <class name="batchexecution.example2">
        <test-method signature="s4()[pri:0, instance:batchexecution.example2@2e8c1c9b]" started-at="2023-09-08T10:40:46 IST" name="s4" finished-at="2023-09-08T10:40:46 IST" duration-ms="2" status="PASS">
          <reporter-output>
            <line>
              <![CDATA[ i am test case 4]]>
            </line>
          </reporter-output>
        </test-method> <!-- s4 -->
      </class> <!-- batchexecution.example2 -->
      <class name="demo.multipletestcase">
        <test-method signature="w1()[pri:0, instance:demo.multipletestcase@4145bad8]" started-at="2023-09-08T10:40:46 IST" name="w1" finished-at="2023-09-08T10:40:46 IST" duration-ms="4" status="PASS">
          <reporter-output>
            <line>
              <![CDATA[boss i am testcase1 ]]>
            </line>
          </reporter-output>
        </test-method> <!-- w1 -->
        <test-method signature="w2()[pri:0, instance:demo.multipletestcase@4145bad8]" started-at="2023-09-08T10:40:46 IST" name="w2" finished-at="2023-09-08T10:40:46 IST" duration-ms="5" status="PASS">
          <reporter-output>
            <line>
              <![CDATA[boss i am testcase2]]>
            </line>
          </reporter-output>
        </test-method> <!-- w2 -->
        <test-method signature="w3()[pri:0, instance:demo.multipletestcase@4145bad8]" started-at="2023-09-08T10:40:46 IST" name="w3" finished-at="2023-09-08T10:40:46 IST" duration-ms="6" status="PASS">
          <reporter-output>
            <line>
              <![CDATA[boss i am testcase]]>
            </line>
          </reporter-output>
        </test-method> <!-- w3 -->
      </class> <!-- demo.multipletestcase -->
      <class name="batchexecution.example3">
        <test-method signature="s7()[pri:0, instance:batchexecution.example3@53fe15ff]" started-at="2023-09-08T10:40:46 IST" name="s7" finished-at="2023-09-08T10:40:46 IST" duration-ms="1" status="PASS">
          <reporter-output>
            <line>
              <![CDATA[  i am testcase7]]>
            </line>
          </reporter-output>
        </test-method> <!-- s7 -->
      </class> <!-- batchexecution.example3 -->
    </test> <!-- Test -->
  </suite> <!-- Suite -->
</testng-results>
