<?xml version="1.0" encoding="UTF-8"?>
<testng-results ignored="0" total="1" passed="1" failed="0" skipped="0">
  <reporter-output>
    <line>
      <![CDATA[====connected to database====]]>
    </line>
    <line>
      <![CDATA[====open the browser====]]>
    </line>
    <line>
      <![CDATA[====log in to application====]]>
    </line>
    <line>
      <![CDATA[=====boss i am main testcase====]]>
    </line>
    <line>
      <![CDATA[====log in t application====]]>
    </line>
    <line>
      <![CDATA[====open the browser====]]>
    </line>
    <line>
      <![CDATA[====connected to database====]]>
    </line>
  </reporter-output>
  <suite started-at="2023-09-06T20:24:21 IST" name="Default suite" finished-at="2023-09-06T20:24:21 IST" duration-ms="74">
    <groups>
    </groups>
    <test started-at="2023-09-06T20:24:21 IST" name="Default test" finished-at="2023-09-06T20:24:21 IST" duration-ms="74">
      <class name="demo.annotations">
        <test-method is-config="true" signature="a1()[pri:0, instance:demo.annotations@2af004b]" started-at="2023-09-06T20:24:21 IST" name="a1" finished-at="2023-09-06T20:24:21 IST" duration-ms="30" status="PASS">
          <reporter-output>
            <line>
              <![CDATA[====connected to database====]]>
            </line>
          </reporter-output>
        </test-method> <!-- a1 -->
        <test-method is-config="true" signature="a2()[pri:0, instance:demo.annotations@2af004b]" started-at="2023-09-06T20:24:21 IST" name="a2" finished-at="2023-09-06T20:24:21 IST" duration-ms="1" status="PASS">
          <reporter-output>
            <line>
              <![CDATA[====open the browser====]]>
            </line>
          </reporter-output>
        </test-method> <!-- a2 -->
        <test-method is-config="true" signature="a3()[pri:0, instance:demo.annotations@2af004b]" started-at="2023-09-06T20:24:21 IST" name="a3" finished-at="2023-09-06T20:24:21 IST" duration-ms="1" status="PASS">
          <reporter-output>
            <line>
              <![CDATA[====log in to application====]]>
            </line>
          </reporter-output>
        </test-method> <!-- a3 -->
        <test-method signature="a4()[pri:0, instance:demo.annotations@2af004b]" started-at="2023-09-06T20:24:21 IST" name="a4" finished-at="2023-09-06T20:24:21 IST" duration-ms="7" status="PASS">
          <reporter-output>
            <line>
              <![CDATA[=====boss i am main testcase====]]>
            </line>
          </reporter-output>
        </test-method> <!-- a4 -->
        <test-method is-config="true" signature="a5()[pri:0, instance:demo.annotations@2af004b]" started-at="2023-09-06T20:24:21 IST" name="a5" finished-at="2023-09-06T20:24:21 IST" duration-ms="1" status="PASS">
          <reporter-output>
            <line>
              <![CDATA[====log in t application====]]>
            </line>
          </reporter-output>
        </test-method> <!-- a5 -->
        <test-method is-config="true" signature="a6()[pri:0, instance:demo.annotations@2af004b]" started-at="2023-09-06T20:24:21 IST" name="a6" finished-at="2023-09-06T20:24:21 IST" duration-ms="2" status="PASS">
          <reporter-output>
            <line>
              <![CDATA[====open the browser====]]>
            </line>
          </reporter-output>
        </test-method> <!-- a6 -->
        <test-method is-config="true" signature="a7()[pri:0, instance:demo.annotations@2af004b]" started-at="2023-09-06T20:24:21 IST" name="a7" finished-at="2023-09-06T20:24:21 IST" duration-ms="1" status="PASS">
          <reporter-output>
            <line>
              <![CDATA[====connected to database====]]>
            </line>
          </reporter-output>
        </test-method> <!-- a7 -->
      </class> <!-- demo.annotations -->
    </test> <!-- Default test -->
  </suite> <!-- Default suite -->
</testng-results>
